#
# There is insufficient memory for the Java Runtime Environment to continue.
# Native memory allocation (malloc) failed to allocate 997136 bytes for Chunk::new
# Possible reasons:
#   The system is out of physical RAM or swap space
#   The process is running with CompressedOops enabled, and the Java Heap may be blocking the growth of the native heap
# Possible solutions:
#   Reduce memory load on the system
#   Increase physical memory or swap space
#   Check if swap backing store is full
#   Decrease Java heap size (-Xmx/-Xms)
#   Decrease number of Java threads
#   Decrease Java thread stack sizes (-Xss)
#   Set larger code cache with -XX:ReservedCodeCacheSize=
#   JVM is running with Unscaled Compressed Oops mode in which the Java heap is
#     placed in the first 4GB address space. The Java Heap base address is the
#     maximum limit for the native heap growth. Please use -XX:HeapBaseMinAddress
#     to set the Java Heap base and to place the Java Heap above 4GB virtual address.
# This output file may be truncated or incomplete.
#
#  Out of Memory Error (allocation.cpp:389), pid=1180, tid=0x0000000000002268
#
# JRE version: OpenJDK Runtime Environment (8.0_212-b04) (build 1.8.0_212-release-1586-b04)
# Java VM: OpenJDK 64-Bit Server VM (25.212-b04 mixed mode windows-amd64 compressed oops)
# Failed to write core dump. Minidumps are not enabled by default on client versions of Windows
#

---------------  T H R E A D  ---------------

Current thread (0x000000001680e800):  JavaThread "C2 CompilerThread1" daemon [_thread_in_native, id=8808, stack(0x0000000017f70000,0x0000000018070000)]

Stack: [0x0000000017f70000,0x0000000018070000]
[error occurred during error reporting (printing stack bounds), id 0xc0000005]

Native frames: (J=compiled Java code, j=interpreted, Vv=VM code, C=native code)


Current CompileTask:
C2:1348839 18148       4       java.net.URLClassLoader$1::run (5 bytes)


---------------  P R O C E S S  ---------------

Java Threads: ( => current thread )
  0x000000001e25e000 JavaThread "ForkJoinPool.commonPool-worker-3" daemon [_thread_in_native, id=6260, stack(0x000000002ad20000,0x000000002ae20000)]
  0x000000001e25d000 JavaThread "ForkJoinPool.commonPool-worker-2" daemon [_thread_in_native, id=9220, stack(0x000000002ac20000,0x000000002ad20000)]
  0x000000001e25c800 JavaThread "ForkJoinPool.commonPool-worker-1" daemon [_thread_in_native, id=3500, stack(0x0000000020480000,0x0000000020580000)]
  0x000000001e25b800 JavaThread "WorkerExecutor Queue Thread 6" [_thread_blocked, id=4468, stack(0x000000002a520000,0x000000002a620000)]
  0x000000001c924800 JavaThread "Cache worker for Java compile cache (C:\Users\basker\Desktop\StockCalculator\.gradle\5.6.4\javaCompile)" [_thread_blocked, id=11736, stack(0x0000000028d60000,0x0000000028e60000)]
  0x000000001c920000 JavaThread "Cache worker for Java compile cache (C:\Users\basker\.gradle\caches\5.6.4\javaCompile)" [_thread_blocked, id=7932, stack(0x0000000028c60000,0x0000000028d60000)]
  0x0000000019798800 JavaThread "MarlinRenderer Disposer" daemon [_thread_blocked, id=6352, stack(0x0000000027790000,0x0000000027890000)]
  0x0000000019796000 JavaThread "Java2D Disposer" daemon [_thread_blocked, id=9376, stack(0x0000000023f30000,0x0000000024030000)]
  0x0000000019797800 JavaThread "WorkerExecutor Queue Thread 5" [_thread_blocked, id=11016, stack(0x000000001b990000,0x000000001ba90000)]
  0x0000000019797000 JavaThread "WorkerExecutor Queue Thread 4" [_thread_blocked, id=7852, stack(0x0000000027490000,0x0000000027590000)]
  0x000000001978e000 JavaThread "stdout" [_thread_in_native, id=3000, stack(0x0000000027290000,0x0000000027390000)]
  0x000000001978c800 JavaThread "stderr" [_thread_in_native, id=4184, stack(0x0000000027190000,0x0000000027290000)]
  0x0000000019791800 JavaThread "stdout" [_thread_in_native, id=7980, stack(0x0000000027090000,0x0000000027190000)]
  0x0000000019791000 JavaThread "stdout" [_thread_in_native, id=11828, stack(0x0000000026f90000,0x0000000027090000)]
  0x0000000019793000 JavaThread "stderr" [_thread_in_native, id=2472, stack(0x0000000026e90000,0x0000000026f90000)]
  0x0000000019790000 JavaThread "stderr" [_thread_in_native, id=9508, stack(0x0000000026d90000,0x0000000026e90000)]
  0x000000001978d000 JavaThread "stdout" [_thread_in_native, id=4776, stack(0x0000000026c90000,0x0000000026d90000)]
  0x000000001978b800 JavaThread "stderr" [_thread_in_native, id=9084, stack(0x0000000026b90000,0x0000000026c90000)]
  0x000000001978b000 JavaThread "pool-9-thread-1" [_thread_blocked, id=4848, stack(0x0000000026a90000,0x0000000026b90000)]
  0x000000001a201000 JavaThread "WorkerExecutor Queue" [_thread_blocked, id=2736, stack(0x0000000026790000,0x0000000026890000)]
  0x000000001c926000 JavaThread "Cache worker for execution history cache (C:\Users\basker\Desktop\StockCalculator\.gradle\5.6.4\executionHistory)" [_thread_blocked, id=3280, stack(0x0000000026690000,0x0000000026790000)]
  0x000000001c91d000 JavaThread "Execution worker for ':' Thread 3" [_thread_blocked, id=9920, stack(0x0000000026590000,0x0000000026690000)]
  0x000000001c923800 JavaThread "Execution worker for ':' Thread 2" [_thread_blocked, id=7632, stack(0x0000000026490000,0x0000000026590000)]
  0x000000001c91c000 JavaThread "Execution worker for ':'" [_thread_blocked, id=11392, stack(0x0000000026390000,0x0000000026490000)]
  0x000000001c91e800 JavaThread "Cache worker for file content cache (C:\Users\basker\Desktop\StockCalculator\.gradle\5.6.4\fileContent)" [_thread_blocked, id=10480, stack(0x0000000026290000,0x0000000026390000)]
  0x000000001c923000 JavaThread "Cache worker for file content cache (C:\Users\basker\.gradle\caches\5.6.4\fileContent)" [_thread_blocked, id=4788, stack(0x0000000025100000,0x0000000025200000)]
  0x000000001c921800 JavaThread "Cache worker for Build Output Cleanup Cache (C:\Users\basker\Desktop\StockCalculator\.gradle\buildOutputCleanup)" [_thread_blocked, id=10392, stack(0x00000000239f0000,0x0000000023af0000)]
  0x000000001c91a800 JavaThread "Build operations Thread 4" [_thread_blocked, id=12092, stack(0x0000000023650000,0x0000000023750000)]
  0x0000000019265800 JavaThread "Build operations Thread 3" [_thread_blocked, id=10652, stack(0x0000000022c50000,0x0000000022d50000)]
  0x0000000019265000 JavaThread "Build operations Thread 2" [_thread_blocked, id=11948, stack(0x0000000022550000,0x0000000022650000)]
  0x0000000019262800 JavaThread "Build operations" [_thread_blocked, id=116, stack(0x0000000022450000,0x0000000022550000)]
  0x0000000019268000 JavaThread "Cache worker for cache directory md-rule (C:\Users\basker\.gradle\caches\5.6.4\md-rule)" [_thread_blocked, id=6884, stack(0x0000000022350000,0x0000000022450000)]
  0x0000000019264000 JavaThread "Cache worker for cache directory md-supplier (C:\Users\basker\.gradle\caches\5.6.4\md-supplier)" [_thread_blocked, id=12048, stack(0x0000000022250000,0x0000000022350000)]
  0x0000000019262000 JavaThread "Cache worker for file hash cache (C:\Users\basker\Desktop\StockCalculator\.gradle\5.6.4\fileHashes)" [_thread_blocked, id=11876, stack(0x0000000021f50000,0x0000000022050000)]
  0x000000001925a000 JavaThread "Thread-61" [_thread_blocked, id=12148, stack(0x0000000021e50000,0x0000000021f50000)]
  0x0000000019259800 JavaThread "Asynchronous log dispatcher for DefaultDaemonConnection: socket connection from /127.0.0.1:52909 to /127.0.0.1:53863" [_thread_blocked, id=11824, stack(0x000000001ece0000,0x000000001ede0000)]
  0x000000001925f800 JavaThread "Daemon worker Thread 3" [_thread_blocked, id=11420, stack(0x000000001e930000,0x000000001ea30000)]
  0x000000001925e000 JavaThread "Cancel handler" [_thread_blocked, id=11348, stack(0x000000001be90000,0x000000001bf90000)]
  0x000000001925d000 JavaThread "Handler for socket connection from /127.0.0.1:52909 to /127.0.0.1:53863" [_thread_in_native, id=7732, stack(0x000000001bd90000,0x000000001be90000)]
  0x0000000019260800 JavaThread "Daemon Thread 3" [_thread_blocked, id=12256, stack(0x000000001b890000,0x000000001b990000)]
  0x000000001c929000 JavaThread "Memory manager" [_thread_blocked, id=11080, stack(0x0000000023550000,0x0000000023650000)]
  0x000000001c91d800 JavaThread "Cache worker for execution history cache (C:\Users\basker\.gradle\caches\5.6.4\executionHistory)" [_thread_blocked, id=7944, stack(0x0000000020580000,0x0000000020680000)]
  0x000000001a206800 JavaThread "Cache worker for journal cache (C:\Users\basker\.gradle\caches\journal-1)" [_thread_blocked, id=2776, stack(0x000000001c590000,0x000000001c690000)]
  0x000000001a208000 JavaThread "File lock request listener" [_thread_in_native, id=5380, stack(0x000000001c490000,0x000000001c590000)]
  0x000000001a207000 JavaThread "Cache worker for file hash cache (C:\Users\basker\.gradle\caches\5.6.4\fileHashes)" [_thread_blocked, id=8320, stack(0x000000001c390000,0x000000001c490000)]
  0x000000001a08e000 JavaThread "Daemon periodic checks" [_thread_blocked, id=6572, stack(0x000000001b790000,0x000000001b890000)]
  0x000000001a062800 JavaThread "Incoming local TCP Connector on port 52909" [_thread_in_native, id=8592, stack(0x000000001b550000,0x000000001b650000)]
  0x0000000019fa2800 JavaThread "Daemon health stats" [_thread_blocked, id=10244, stack(0x000000001af10000,0x000000001b010000)]
  0x000000001686e000 JavaThread "Service Thread" daemon [_thread_blocked, id=7196, stack(0x0000000018570000,0x0000000018670000)]
  0x000000001681a000 JavaThread "C1 CompilerThread2" daemon [_thread_blocked, id=8844, stack(0x0000000018070000,0x0000000018170000)]
=>0x000000001680e800 JavaThread "C2 CompilerThread1" daemon [_thread_in_native, id=8808, stack(0x0000000017f70000,0x0000000018070000)]
  0x000000001680b000 JavaThread "C2 CompilerThread0" daemon [_thread_blocked, id=2424, stack(0x0000000017e70000,0x0000000017f70000)]
  0x0000000016817800 JavaThread "Attach Listener" daemon [_thread_blocked, id=11100, stack(0x0000000017d70000,0x0000000017e70000)]
  0x0000000016816800 JavaThread "Signal Dispatcher" daemon [_thread_blocked, id=7200, stack(0x0000000017c70000,0x0000000017d70000)]
  0x0000000002e9b800 JavaThread "Finalizer" daemon [_thread_blocked, id=7600, stack(0x0000000017a70000,0x0000000017b70000)]
  0x00000000167f9000 JavaThread "Reference Handler" daemon [_thread_blocked, id=10908, stack(0x0000000017970000,0x0000000017a70000)]
  0x000000000147e000 JavaThread "main" [_thread_blocked, id=5540, stack(0x0000000002ca0000,0x0000000002da0000)]

Other Threads:
  0x00000000167d7000 VMThread [stack: 0x0000000017870000,0x0000000017970000] [id=7256]
  0x00000000181a3000 WatcherThread [stack: 0x0000000018670000,0x0000000018770000] [id=7416]

VM state:not at safepoint (normal execution)

VM Mutex/Monitor currently owned by a thread: None

heap address: 0x00000000a0000000, size: 1536 MB, Compressed Oops mode: 32-bit
Narrow klass base: 0x0000000000000000, Narrow klass shift: 3
Compressed class space size: 1073741824 Address: 0x0000000100000000

Heap:
 PSYoungGen      total 244736K, used 207177K [0x00000000e0000000, 0x00000000f4580000, 0x0000000100000000)
  eden space 210432K, 98% used [0x00000000e0000000,0x00000000eca524e8,0x00000000ecd80000)
  from space 34304K, 0% used [0x00000000ecd80000,0x00000000ecd80000,0x00000000eef00000)
  to   space 33280K, 0% used [0x00000000f2500000,0x00000000f2500000,0x00000000f4580000)
 ParOldGen       total 132608K, used 63327K [0x00000000a0000000, 0x00000000a8180000, 0x00000000e0000000)
  object space 132608K, 47% used [0x00000000a0000000,0x00000000a3dd7df8,0x00000000a8180000)
 Metaspace       used 102242K, capacity 107118K, committed 107392K, reserved 1142784K
  class space    used 13171K, capacity 14179K, committed 14208K, reserved 1048576K

Card table byte_map: [0x0000000012260000,0x0000000012570000] byte_map_base: 0x0000000011d60000

Marking Bits: (ParMarkBitMap*) 0x0000000077759f30
 Begin Bits: [0x0000000012b70000, 0x0000000014370000)
 End Bits:   [0x0000000014370000, 0x0000000015b70000)

Polling page: 0x00000000011c0000

CodeCache: size=245760Kb used=50822Kb max_used=50822Kb free=194937Kb
 bounds [0x0000000002ea0000, 0x0000000006080000, 0x0000000011ea0000]
 total_blobs=16104 nmethods=15067 adapters=949
 compilation: enabled

Compilation events (10 events):
Event: 1348.683 Thread 0x000000001681a000 18157       3       kotlin.ranges.RangesKt___RangesKt::coerceAtMost (11 bytes)
Event: 1348.683 Thread 0x000000001681a000 nmethod 18157 0x000000000607d050 code [0x000000000607d1a0, 0x000000000607d330]
Event: 1348.683 Thread 0x000000001681a000 18158       3       com.android.build.gradle.internal.tasks.CheckDuplicateClassesDelegateKt$extractClasses$1$1::test (9 bytes)
Event: 1348.683 Thread 0x000000001681a000 nmethod 18158 0x000000000607d3d0 code [0x000000000607d580, 0x000000000607da48]
Event: 1348.697 Thread 0x000000001681a000 18161       3       java.lang.Math::addExact (32 bytes)
Event: 1348.698 Thread 0x000000001681a000 nmethod 18161 0x000000000607dc10 code [0x000000000607dd80, 0x000000000607dfc8]
Event: 1348.744 Thread 0x000000001681a000 18162       3       java.lang.Math::multiplyExact (74 bytes)
Event: 1348.745 Thread 0x000000001681a000 nmethod 18162 0x000000000607e0d0 code [0x000000000607e260, 0x000000000607e7a8]
Event: 1348.745 Thread 0x000000001681a000 18163       1       javax.management.StandardMBean::getCachedMBeanInfo (5 bytes)
Event: 1348.746 Thread 0x000000001681a000 nmethod 18163 0x0000000006064cd0 code [0x0000000006064e20, 0x0000000006064f30]

GC Heap History (10 events):
Event: 1153.090 GC heap before
{Heap before GC invocations=21 (full 3):
 PSYoungGen      total 190464K, used 184618K [0x00000000e0000000, 0x00000000ee380000, 0x0000000100000000)
  eden space 168960K, 100% used [0x00000000e0000000,0x00000000ea500000,0x00000000ea500000)
  from space 21504K, 72% used [0x00000000ea500000,0x00000000eb44a970,0x00000000eba00000)
  to   space 22528K, 0% used [0x00000000ecd80000,0x00000000ecd80000,0x00000000ee380000)
 ParOldGen       total 88576K, used 46382K [0x00000000a0000000, 0x00000000a5680000, 0x00000000e0000000)
  object space 88576K, 52% used [0x00000000a0000000,0x00000000a2d4ba48,0x00000000a5680000)
 Metaspace       used 79946K, capacity 83826K, committed 83968K, reserved 1122304K
  class space    used 10368K, capacity 11205K, committed 11264K, reserved 1048576K
Event: 1154.112 GC heap after
Heap after GC invocations=21 (full 3):
 PSYoungGen      total 182784K, used 20006K [0x00000000e0000000, 0x00000000ee180000, 0x0000000100000000)
  eden space 162304K, 0% used [0x00000000e0000000,0x00000000e0000000,0x00000000e9e80000)
  from space 20480K, 97% used [0x00000000ecd80000,0x00000000ee109870,0x00000000ee180000)
  to   space 25088K, 0% used [0x00000000eb080000,0x00000000eb080000,0x00000000ec900000)
 ParOldGen       total 88576K, used 46390K [0x00000000a0000000, 0x00000000a5680000, 0x00000000e0000000)
  object space 88576K, 52% used [0x00000000a0000000,0x00000000a2d4da48,0x00000000a5680000)
 Metaspace       used 79946K, capacity 83826K, committed 83968K, reserved 1122304K
  class space    used 10368K, capacity 11205K, committed 11264K, reserved 1048576K
}
Event: 1211.572 GC heap before
{Heap before GC invocations=22 (full 3):
 PSYoungGen      total 182784K, used 182310K [0x00000000e0000000, 0x00000000ee180000, 0x0000000100000000)
  eden space 162304K, 100% used [0x00000000e0000000,0x00000000e9e80000,0x00000000e9e80000)
  from space 20480K, 97% used [0x00000000ecd80000,0x00000000ee109870,0x00000000ee180000)
  to   space 25088K, 0% used [0x00000000eb080000,0x00000000eb080000,0x00000000ec900000)
 ParOldGen       total 88576K, used 46390K [0x00000000a0000000, 0x00000000a5680000, 0x00000000e0000000)
  object space 88576K, 52% used [0x00000000a0000000,0x00000000a2d4da48,0x00000000a5680000)
 Metaspace       used 85038K, capacity 89120K, committed 89472K, reserved 1126400K
  class space    used 10917K, capacity 11788K, committed 11904K, reserved 1048576K
Event: 1222.043 GC heap after
Heap after GC invocations=22 (full 3):
 PSYoungGen      total 205824K, used 25072K [0x00000000e0000000, 0x00000000f0e80000, 0x0000000100000000)
  eden space 180736K, 0% used [0x00000000e0000000,0x00000000e0000000,0x00000000eb080000)
  from space 25088K, 99% used [0x00000000eb080000,0x00000000ec8fc008,0x00000000ec900000)
  to   space 32256K, 0% used [0x00000000eef00000,0x00000000eef00000,0x00000000f0e80000)
 ParOldGen       total 88576K, used 55458K [0x00000000a0000000, 0x00000000a5680000, 0x00000000e0000000)
  object space 88576K, 62% used [0x00000000a0000000,0x00000000a3628990,0x00000000a5680000)
 Metaspace       used 85038K, capacity 89120K, committed 89472K, reserved 1126400K
  class space    used 10917K, capacity 11788K, committed 11904K, reserved 1048576K
}
Event: 1310.441 GC heap before
{Heap before GC invocations=23 (full 3):
 PSYoungGen      total 205824K, used 205808K [0x00000000e0000000, 0x00000000f0e80000, 0x0000000100000000)
  eden space 180736K, 100% used [0x00000000e0000000,0x00000000eb080000,0x00000000eb080000)
  from space 25088K, 99% used [0x00000000eb080000,0x00000000ec8fc008,0x00000000ec900000)
  to   space 32256K, 0% used [0x00000000eef00000,0x00000000eef00000,0x00000000f0e80000)
 ParOldGen       total 88576K, used 55458K [0x00000000a0000000, 0x00000000a5680000, 0x00000000e0000000)
  object space 88576K, 62% used [0x00000000a0000000,0x00000000a3628990,0x00000000a5680000)
 Metaspace       used 88805K, capacity 92908K, committed 93184K, reserved 1130496K
  class space    used 11379K, capacity 12246K, committed 12288K, reserved 1048576K
Event: 1310.526 GC heap after
Heap after GC invocations=23 (full 3):
 PSYoungGen      total 242688K, used 23287K [0x00000000e0000000, 0x00000000f2680000, 0x0000000100000000)
  eden space 210432K, 0% used [0x00000000e0000000,0x00000000e0000000,0x00000000ecd80000)
  from space 32256K, 72% used [0x00000000eef00000,0x00000000f05bdf58,0x00000000f0e80000)
  to   space 34304K, 0% used [0x00000000ecd80000,0x00000000ecd80000,0x00000000eef00000)
 ParOldGen       total 88576K, used 65940K [0x00000000a0000000, 0x00000000a5680000, 0x00000000e0000000)
  object space 88576K, 74% used [0x00000000a0000000,0x00000000a4065318,0x00000000a5680000)
 Metaspace       used 88805K, capacity 92908K, committed 93184K, reserved 1130496K
  class space    used 11379K, capacity 12246K, committed 12288K, reserved 1048576K
}
Event: 1328.163 GC heap before
{Heap before GC invocations=24 (full 3):
 PSYoungGen      total 242688K, used 233719K [0x00000000e0000000, 0x00000000f2680000, 0x0000000100000000)
  eden space 210432K, 100% used [0x00000000e0000000,0x00000000ecd80000,0x00000000ecd80000)
  from space 32256K, 72% used [0x00000000eef00000,0x00000000f05bdf58,0x00000000f0e80000)
  to   space 34304K, 0% used [0x00000000ecd80000,0x00000000ecd80000,0x00000000eef00000)
 ParOldGen       total 88576K, used 65940K [0x00000000a0000000, 0x00000000a5680000, 0x00000000e0000000)
  object space 88576K, 74% used [0x00000000a0000000,0x00000000a4065318,0x00000000a5680000)
 Metaspace       used 94048K, capacity 98228K, committed 98560K, reserved 1134592K
  class space    used 12040K, capacity 12952K, committed 13056K, reserved 1048576K
Event: 1328.247 GC heap after
Heap after GC invocations=24 (full 3):
 PSYoungGen      total 244736K, used 8763K [0x00000000e0000000, 0x00000000f4580000, 0x0000000100000000)
  eden space 210432K, 0% used [0x00000000e0000000,0x00000000e0000000,0x00000000ecd80000)
  from space 34304K, 25% used [0x00000000ecd80000,0x00000000ed60ec78,0x00000000eef00000)
  to   space 33280K, 0% used [0x00000000f2500000,0x00000000f2500000,0x00000000f4580000)
 ParOldGen       total 88576K, used 78922K [0x00000000a0000000, 0x00000000a5680000, 0x00000000e0000000)
  object space 88576K, 89% used [0x00000000a0000000,0x00000000a4d12a20,0x00000000a5680000)
 Metaspace       used 94048K, capacity 98228K, committed 98560K, reserved 1134592K
  class space    used 12040K, capacity 12952K, committed 13056K, reserved 1048576K
}
Event: 1328.285 GC heap before
{Heap before GC invocations=25 (full 4):
 PSYoungGen      total 244736K, used 8763K [0x00000000e0000000, 0x00000000f4580000, 0x0000000100000000)
  eden space 210432K, 0% used [0x00000000e0000000,0x00000000e0000000,0x00000000ecd80000)
  from space 34304K, 25% used [0x00000000ecd80000,0x00000000ed60ec78,0x00000000eef00000)
  to   space 33280K, 0% used [0x00000000f2500000,0x00000000f2500000,0x00000000f4580000)
 ParOldGen       total 88576K, used 78922K [0x00000000a0000000, 0x00000000a5680000, 0x00000000e0000000)
  object space 88576K, 89% used [0x00000000a0000000,0x00000000a4d12a20,0x00000000a5680000)
 Metaspace       used 94048K, capacity 98228K, committed 98560K, reserved 1134592K
  class space    used 12040K, capacity 12952K, committed 13056K, reserved 1048576K
Event: 1335.703 GC heap after
Heap after GC invocations=25 (full 4):
 PSYoungGen      total 244736K, used 0K [0x00000000e0000000, 0x00000000f4580000, 0x0000000100000000)
  eden space 210432K, 0% used [0x00000000e0000000,0x00000000e0000000,0x00000000ecd80000)
  from space 34304K, 0% used [0x00000000ecd80000,0x00000000ecd80000,0x00000000eef00000)
  to   space 33280K, 0% used [0x00000000f2500000,0x00000000f2500000,0x00000000f4580000)
 ParOldGen       total 132608K, used 63327K [0x00000000a0000000, 0x00000000a8180000, 0x00000000e0000000)
  object space 132608K, 47% used [0x00000000a0000000,0x00000000a3dd7df8,0x00000000a8180000)
 Metaspace       used 93874K, capacity 97712K, committed 98560K, reserved 1134592K
  class space    used 11987K, capacity 12866K, committed 13056K, reserved 1048576K
}

Deoptimization events (10 events):
Event: 1347.811 Thread 0x0000000019797000 Uncommon trap: reason=predicate action=maybe_recompile pc=0x0000000005fcc1f0 method=com.android.tools.r8.graph.U.a([Lcom/android/tools/r8/graph/U;Ljava/util/function/Consumer;)V @ 15
Event: 1348.053 Thread 0x0000000019797800 Uncommon trap: reason=unstable_if action=reinterpret pc=0x0000000006033f70 method=com.android.tools.r8.v.a.a.a.h.P0.a(Ljava/lang/Object;I)I @ 69
Event: 1348.089 Thread 0x0000000019797000 Uncommon trap: reason=bimorphic action=maybe_recompile pc=0x0000000005277bcc method=java.util.zip.ZipOutputStream.writeInt(J)V @ 14
Event: 1348.089 Thread 0x0000000019797000 Uncommon trap: reason=bimorphic action=maybe_recompile pc=0x000000000523bbbc method=java.util.zip.ZipOutputStream.writeShort(I)V @ 13
Event: 1348.089 Thread 0x0000000019797000 Uncommon trap: reason=bimorphic action=maybe_recompile pc=0x000000000523bbbc method=java.util.zip.ZipOutputStream.writeShort(I)V @ 13
Event: 1348.089 Thread 0x0000000019797000 Uncommon trap: reason=bimorphic action=maybe_recompile pc=0x000000000523bbbc method=java.util.zip.ZipOutputStream.writeShort(I)V @ 13
Event: 1348.090 Thread 0x0000000019797000 Uncommon trap: reason=bimorphic action=maybe_recompile pc=0x0000000005277bcc method=java.util.zip.ZipOutputStream.writeInt(J)V @ 14
Event: 1348.090 Thread 0x0000000019797000 Uncommon trap: reason=bimorphic action=maybe_recompile pc=0x0000000005277bcc method=java.util.zip.ZipOutputStream.writeInt(J)V @ 14
Event: 1348.090 Thread 0x0000000019797000 Uncommon trap: reason=bimorphic action=maybe_recompile pc=0x0000000005277bcc method=java.util.zip.ZipOutputStream.writeInt(J)V @ 14
Event: 1348.090 Thread 0x0000000019797000 Uncommon trap: reason=bimorphic action=maybe_recompile pc=0x000000000523bbbc method=java.util.zip.ZipOutputStream.writeShort(I)V @ 13

Classes redefined (0 events):
No events

Internal exceptions (10 events):
Event: 1343.922 Thread 0x0000000019795800 Exception <a 'java/lang/NoSuchMethodError': java.lang.Object.lambda$static$0(Ljava/lang/String;)Z> (0x00000000e55111c8) thrown at [D:\src\AOSP-openjdk-cygwin\jdk8u\hotspot\src\share\vm\interpreter\linkResolver.cpp, line 620]
Event: 1344.766 Thread 0x000000001e25b800 Exception <a 'sun/nio/fs/WindowsException'> (0x00000000e7535260) thrown at [D:\src\AOSP-openjdk-cygwin\jdk8u\hotspot\src\share\vm\prims\jni.cpp, line 710]
Event: 1346.871 Thread 0x0000000019797800 Exception <a 'java/lang/NoSuchMethodError': java.lang.Object.lambda$maxBy$1(Ljava/util/Comparator;Ljava/lang/Object;Ljava/lang/Object;)Ljava/lang/Object;> (0x00000000ea143e58) thrown at [D:\src\AOSP-openjdk-cygwin\jdk8u\hotspot\src\share\vm\interpreter\li
Event: 1347.789 Thread 0x000000001e25b800 Exception <a 'sun/nio/fs/WindowsException'> (0x00000000eba3d040) thrown at [D:\src\AOSP-openjdk-cygwin\jdk8u\hotspot\src\share\vm\prims\jni.cpp, line 710]
Event: 1347.789 Thread 0x000000001e25b800 Exception <a 'sun/nio/fs/WindowsException'> (0x00000000eba3da60) thrown at [D:\src\AOSP-openjdk-cygwin\jdk8u\hotspot\src\share\vm\prims\jni.cpp, line 710]
Event: 1347.789 Thread 0x000000001e25b800 Exception <a 'sun/nio/fs/WindowsException'> (0x00000000eba3df88) thrown at [D:\src\AOSP-openjdk-cygwin\jdk8u\hotspot\src\share\vm\prims\jni.cpp, line 710]
Event: 1347.790 Thread 0x000000001e25b800 Exception <a 'sun/nio/fs/WindowsException'> (0x00000000eba3ed90) thrown at [D:\src\AOSP-openjdk-cygwin\jdk8u\hotspot\src\share\vm\prims\jni.cpp, line 710]
Event: 1347.790 Thread 0x000000001e25b800 Exception <a 'sun/nio/fs/WindowsException'> (0x00000000eba3f2b0) thrown at [D:\src\AOSP-openjdk-cygwin\jdk8u\hotspot\src\share\vm\prims\jni.cpp, line 710]
Event: 1347.790 Thread 0x000000001e25b800 Exception <a 'sun/nio/fs/WindowsException'> (0x00000000eba400a8) thrown at [D:\src\AOSP-openjdk-cygwin\jdk8u\hotspot\src\share\vm\prims\jni.cpp, line 710]
Event: 1347.849 Thread 0x000000001e25b800 Exception <a 'sun/nio/fs/WindowsException'> (0x00000000eba5dd28) thrown at [D:\src\AOSP-openjdk-cygwin\jdk8u\hotspot\src\share\vm\prims\jni.cpp, line 710]

Events (10 events):
Event: 1348.574 loading class com/android/build/gradle/internal/tasks/CheckDuplicateClassesDelegateKt done
Event: 1348.632 loading class com/android/build/gradle/internal/tasks/CheckDuplicateClassesDelegateKt$extractClasses$1$1
Event: 1348.632 loading class com/android/build/gradle/internal/tasks/CheckDuplicateClassesDelegateKt$extractClasses$1$1 done
Event: 1348.633 loading class com/android/build/gradle/internal/tasks/CheckDuplicateClassesDelegateKt$extractClasses$1$2
Event: 1348.633 loading class com/android/build/gradle/internal/tasks/CheckDuplicateClassesDelegateKt$extractClasses$1$2 done
Event: 1348.634 loading class kotlin/streams/jdk8/StreamsKt
Event: 1348.634 loading class kotlin/streams/jdk8/StreamsKt done
Event: 1348.634 loading class kotlin/streams/jdk8/StreamsKt
Event: 1348.634 loading class kotlin/streams/jdk8/StreamsKt done
Event: 1348.647 loading class java/util/concurrent/CountedCompleter done


Dynamic libraries:
0x00007ff7575c0000 - 0x00007ff7575f1000 	C:\Program Files\Android\Android Studio\jre\bin\java.exe
0x00007ffc6d280000 - 0x00007ffc6d470000 	C:\WINDOWS\SYSTEM32\ntdll.dll
0x00007ffc5e850000 - 0x00007ffc5e862000 	C:\Program Files\AVG\Antivirus\aswhook.dll
0x00007ffc6c800000 - 0x00007ffc6c8b2000 	C:\WINDOWS\System32\KERNEL32.DLL
0x00007ffc6a510000 - 0x00007ffc6a7b5000 	C:\WINDOWS\System32\KERNELBASE.dll
0x00007ffc6cc00000 - 0x00007ffc6cca3000 	C:\WINDOWS\System32\ADVAPI32.dll
0x00007ffc6bdc0000 - 0x00007ffc6be5e000 	C:\WINDOWS\System32\msvcrt.dll
0x00007ffc6d190000 - 0x00007ffc6d227000 	C:\WINDOWS\System32\sechost.dll
0x00007ffc6be60000 - 0x00007ffc6bf80000 	C:\WINDOWS\System32\RPCRT4.dll
0x00007ffc6bf80000 - 0x00007ffc6c115000 	C:\WINDOWS\System32\USER32.dll
0x00007ffc6a210000 - 0x00007ffc6a231000 	C:\WINDOWS\System32\win32u.dll
0x00007ffc6cad0000 - 0x00007ffc6caf6000 	C:\WINDOWS\System32\GDI32.dll
0x00007ffc6b190000 - 0x00007ffc6b326000 	C:\WINDOWS\System32\gdi32full.dll
0x00007ffc6a470000 - 0x00007ffc6a50e000 	C:\WINDOWS\System32\msvcp_win.dll
0x00007ffc6a870000 - 0x00007ffc6a96a000 	C:\WINDOWS\System32\ucrtbase.dll
0x00007ffc57c20000 - 0x00007ffc57ea4000 	C:\WINDOWS\WinSxS\amd64_microsoft.windows.common-controls_6595b64144ccf1df_6.0.18362.1082_none_9e8193e1e45b25c1\COMCTL32.dll
0x00007ffc6ba80000 - 0x00007ffc6bdb5000 	C:\WINDOWS\System32\combase.dll
0x00007ffc6a3f0000 - 0x00007ffc6a470000 	C:\WINDOWS\System32\bcryptPrimitives.dll
0x00007ffc6d160000 - 0x00007ffc6d18e000 	C:\WINDOWS\System32\IMM32.DLL
0x0000000050600000 - 0x00000000506d2000 	C:\Program Files\Android\Android Studio\jre\jre\bin\msvcr100.dll
0x0000000076f90000 - 0x00000000777d6000 	C:\Program Files\Android\Android Studio\jre\jre\bin\server\jvm.dll
0x00007ffc6cb00000 - 0x00007ffc6cb08000 	C:\WINDOWS\System32\PSAPI.DLL
0x00007ffc5ba80000 - 0x00007ffc5ba89000 	C:\WINDOWS\SYSTEM32\WSOCK32.dll
0x00007ffc6c320000 - 0x00007ffc6c38f000 	C:\WINDOWS\System32\WS2_32.dll
0x00007ffc67c80000 - 0x00007ffc67ca4000 	C:\WINDOWS\SYSTEM32\WINMM.dll
0x00007ffc60d80000 - 0x00007ffc60d8a000 	C:\WINDOWS\SYSTEM32\VERSION.dll
0x00007ffc67c50000 - 0x00007ffc67c7d000 	C:\WINDOWS\SYSTEM32\WINMMBASE.dll
0x00007ffc6b0f0000 - 0x00007ffc6b13a000 	C:\WINDOWS\System32\cfgmgr32.dll
0x00007ffc66980000 - 0x00007ffc6698f000 	C:\Program Files\Android\Android Studio\jre\jre\bin\verify.dll
0x00007ffc5d280000 - 0x00007ffc5d2a9000 	C:\Program Files\Android\Android Studio\jre\jre\bin\java.dll
0x00007ffc66160000 - 0x00007ffc66176000 	C:\Program Files\Android\Android Studio\jre\jre\bin\zip.dll
0x00007ffc6b330000 - 0x00007ffc6ba17000 	C:\WINDOWS\System32\SHELL32.dll
0x00007ffc6cf00000 - 0x00007ffc6cfa9000 	C:\WINDOWS\System32\shcore.dll
0x00007ffc6a970000 - 0x00007ffc6b0f0000 	C:\WINDOWS\System32\windows.storage.dll
0x00007ffc6a1c0000 - 0x00007ffc6a1e3000 	C:\WINDOWS\System32\profapi.dll
0x00007ffc6a150000 - 0x00007ffc6a19a000 	C:\WINDOWS\System32\powrprof.dll
0x00007ffc6a140000 - 0x00007ffc6a150000 	C:\WINDOWS\System32\UMPDC.dll
0x00007ffc6ce90000 - 0x00007ffc6cee2000 	C:\WINDOWS\System32\shlwapi.dll
0x00007ffc6a1a0000 - 0x00007ffc6a1b1000 	C:\WINDOWS\System32\kernel.appcore.dll
0x00007ffc6b140000 - 0x00007ffc6b157000 	C:\WINDOWS\System32\cryptsp.dll
0x00007ffc63220000 - 0x00007ffc6323a000 	C:\Program Files\Android\Android Studio\jre\jre\bin\net.dll
0x00007ffc5e290000 - 0x00007ffc5e466000 	C:\WINDOWS\SYSTEM32\urlmon.dll
0x00007ffc5e590000 - 0x00007ffc5e836000 	C:\WINDOWS\SYSTEM32\iertutil.dll
0x00007ffc69b60000 - 0x00007ffc69b6c000 	C:\WINDOWS\SYSTEM32\CRYPTBASE.DLL
0x00007ffc69990000 - 0x00007ffc699f7000 	C:\WINDOWS\system32\mswsock.dll
0x00007ffc5d260000 - 0x00007ffc5d273000 	C:\Program Files\Android\Android Studio\jre\jre\bin\nio.dll
0x00007ffc60b90000 - 0x00007ffc60bb6000 	C:\Users\basker\.gradle\native\30\windows-amd64\native-platform.dll
0x00007ffc668f0000 - 0x00007ffc668fd000 	C:\Program Files\Android\Android Studio\jre\jre\bin\management.dll
0x00007ffc694a0000 - 0x00007ffc694d3000 	C:\WINDOWS\system32\rsaenh.dll
0x00007ffc6b160000 - 0x00007ffc6b186000 	C:\WINDOWS\System32\bcrypt.dll
0x00007ffc6a020000 - 0x00007ffc6a045000 	C:\WINDOWS\SYSTEM32\USERENV.dll
0x00007ffc696a0000 - 0x00007ffc696da000 	C:\WINDOWS\SYSTEM32\IPHLPAPI.DLL
0x00007ffc6d230000 - 0x00007ffc6d238000 	C:\WINDOWS\System32\NSI.dll
0x00007ffc612c0000 - 0x00007ffc612d6000 	C:\WINDOWS\SYSTEM32\dhcpcsvc6.DLL
0x00007ffc61390000 - 0x00007ffc613ac000 	C:\WINDOWS\SYSTEM32\dhcpcsvc.DLL
0x00007ffc696e0000 - 0x00007ffc697ab000 	C:\WINDOWS\SYSTEM32\DNSAPI.dll
0x00007ffc5d120000 - 0x00007ffc5d144000 	C:\Program Files\Android\Android Studio\jre\jre\bin\sunec.dll
0x00007ffc5c490000 - 0x00007ffc5c49a000 	C:\Windows\System32\rasadhlp.dll
0x00007ffc611e0000 - 0x00007ffc61257000 	C:\WINDOWS\System32\fwpuclnt.dll
0x00007ffc65970000 - 0x00007ffc6597b000 	C:\Program Files\Android\Android Studio\jre\jre\bin\sunmscapi.dll
0x00007ffc6a2a0000 - 0x00007ffc6a3e9000 	C:\WINDOWS\System32\CRYPT32.dll
0x00007ffc6a1f0000 - 0x00007ffc6a202000 	C:\WINDOWS\System32\MSASN1.dll
0x00007ffc69180000 - 0x00007ffc691b1000 	C:\WINDOWS\SYSTEM32\ntmarta.dll
0x00007ffc3ea00000 - 0x00007ffc3eb9c000 	C:\Program Files\Android\Android Studio\jre\jre\bin\awt.dll
0x00007ffc6ca00000 - 0x00007ffc6cac5000 	C:\WINDOWS\System32\OLEAUT32.dll
0x00007ffc68730000 - 0x00007ffc6875d000 	C:\WINDOWS\SYSTEM32\dwmapi.dll
0x00007ffc66df0000 - 0x00007ffc673b0000 	C:\WINDOWS\SYSTEM32\d2d1.dll
0x00007ffc68300000 - 0x00007ffc6838f000 	C:\WINDOWS\SYSTEM32\apphelp.dll
0x00007ffc683b0000 - 0x00007ffc68449000 	C:\WINDOWS\system32\uxtheme.dll

VM Arguments:
jvm_args: -Xmx1536m -Dfile.encoding=windows-1252 -Duser.country=US -Duser.language=en -Duser.variant 
java_command: org.gradle.launcher.daemon.bootstrap.GradleDaemon 5.6.4
java_class_path (initial): C:\Users\basker\.gradle\wrapper\dists\gradle-5.6.4-all\ankdp27end7byghfw1q2sw75f\gradle-5.6.4\lib\gradle-launcher-5.6.4.jar
Launcher Type: SUN_STANDARD

Environment Variables:
PATH=C:\Program Files (x86)\Common Files\Oracle\Java\javapath;C:\Program Files (x86)\NVIDIA Corporation\PhysX\Common;C:\Program Files (x86)\Intel\iCLS Client\;C:\Program Files\Intel\iCLS Client\;C:\WINDOWS\system32;C:\WINDOWS;C:\WINDOWS\System32\Wbem;C:\WINDOWS\System32\WindowsPowerShell\v1.0\;C:\Program Files\Intel\Intel(R) Management Engine Components\DAL;C:\Program Files\Intel\Intel(R) Management Engine Components\IPT;C:\Program Files (x86)\Intel\Intel(R) Management Engine Components\DAL;C:\Program Files (x86)\Intel\Intel(R) Management Engine Components\IPT;C:\Program Files (x86)\Intel\OpenCL SDK\2.0\bin\x86;C:\Program Files (x86)\Intel\OpenCL SDK\2.0\bin\x64;C:\Program Files\Lenovo\Bluetooth Software\;C:\Program Files\Lenovo\Bluetooth Software\syswow64;C:\WINDOWS\System32\OpenSSH\;C:\Program Files\nodejs\;C:\Users\basker\AppData\Local\Android\Sdk\platforms;C:\Users\basker\AppData\Local\Android\Sdk\platform-tools;C:\Users\basker\.gradle\wrapper\dists\gradle-5.6.4-all\ankdp27end7byghfw1q2sw75f\gradle-5.6.4\bin;C:\Program Files\Git\cmd;C:\Program Files\MySQL\MySQL Shell 8.0\bin\;C:\Users\basker\AppData\Local\Microsoft\WindowsApps;C:\Users\basker\AppData\Roaming\npm;C:\Users\basker\AppData\Local\Programs\Microsoft VS Code\bin;C:\Users\basker\.gradle\wrapper\dists\gradle-5.6.4-all\ankdp27end7byghfw1q2sw75f\gradle-5.6.4\bin;
USERNAME=basker
OS=Windows_NT
PROCESSOR_IDENTIFIER=Intel64 Family 6 Model 58 Stepping 9, GenuineIntel



---------------  S Y S T E M  ---------------

OS: Windows 10.0 , 64 bit Build 18362 (10.0.18362.1082)

CPU:total 4 (initial active 4) (2 cores per cpu, 2 threads per core) family 6 model 58 stepping 9, cmov, cx8, fxsr, mmx, sse, sse2, sse3, ssse3, sse4.1, sse4.2, popcnt, avx, aes, clmul, erms, ht, tsc, tscinvbit, tscinv

Memory: 4k page, physical 4056852k(316996k free), swap 5481236k(4612k free)

vm_info: OpenJDK 64-Bit Server VM (25.212-b04) for windows-amd64 JRE (1.8.0_212-release-1586-b04), built by "builder" with MS VC++ 10.0 (VS2010)

time: Fri Sep 25 15:58:52 2020
timezone: India Standard Time
elapsed time: 1348 seconds (0d 0h 22m 28s)

