#
# There is insufficient memory for the Java Runtime Environment to continue.
# Native memory allocation (malloc) failed to allocate 1208736 bytes for Chunk::new
# Possible reasons:
#   The system is out of physical RAM or swap space
#   The process is running with CompressedOops enabled, and the Java Heap may be blocking the growth of the native heap
# Possible solutions:
#   Reduce memory load on the system
#   Increase physical memory or swap space
#   Check if swap backing store is full
#   Decrease Java heap size (-Xmx/-Xms)
#   Decrease number of Java threads
#   Decrease Java thread stack sizes (-Xss)
#   Set larger code cache with -XX:ReservedCodeCacheSize=
#   JVM is running with Unscaled Compressed Oops mode in which the Java heap is
#     placed in the first 4GB address space. The Java Heap base address is the
#     maximum limit for the native heap growth. Please use -XX:HeapBaseMinAddress
#     to set the Java Heap base and to place the Java Heap above 4GB virtual address.
# This output file may be truncated or incomplete.
#
#  Out of Memory Error (allocation.cpp:389), pid=11872, tid=0x00000000000008d4
#
# JRE version: OpenJDK Runtime Environment (8.0_212-b04) (build 1.8.0_212-release-1586-b04)
# Java VM: OpenJDK 64-Bit Server VM (25.212-b04 mixed mode windows-amd64 compressed oops)
# Failed to write core dump. Minidumps are not enabled by default on client versions of Windows
#

---------------  T H R E A D  ---------------

Current thread (0x00000000166b3000):  JavaThread "C2 CompilerThread1" daemon [_thread_in_native, id=2260, stack(0x0000000017e10000,0x0000000017f10000)]

Stack: [0x0000000017e10000,0x0000000017f10000]
[error occurred during error reporting (printing stack bounds), id 0xc0000005]

Native frames: (J=compiled Java code, j=interpreted, Vv=VM code, C=native code)


Current CompileTask:
C2:  67538 12356       4       com.android.tools.r8.ir.regalloc.LinearScanRegisterAllocator::i (610 bytes)


---------------  P R O C E S S  ---------------

Java Threads: ( => current thread )
  0x000000001a46e000 JavaThread "ForkJoinPool-2-worker-0" daemon [_thread_blocked, id=11924, stack(0x0000000028580000,0x0000000028680000)]
  0x000000001a46d800 JavaThread "ForkJoinPool-2-worker-3" daemon [_thread_blocked, id=11652, stack(0x0000000026480000,0x0000000026580000)]
  0x000000001a46c800 JavaThread "ForkJoinPool-2-worker-2" daemon [_thread_in_Java, id=1912, stack(0x0000000026380000,0x0000000026480000)]
  0x000000001a468000 JavaThread "ForkJoinPool-2-worker-1" daemon [_thread_blocked, id=9460, stack(0x0000000026280000,0x0000000026380000)]
  0x000000001a46c000 JavaThread "WorkerExecutor Queue Thread 3" [_thread_blocked, id=12008, stack(0x0000000024bc0000,0x0000000024cc0000)]
  0x0000000018c0a000 JavaThread "WorkerExecutor Queue Thread 2" [_thread_blocked, id=7956, stack(0x0000000026060000,0x0000000026160000)]
  0x0000000018c0b800 JavaThread "WorkerExecutor Queue" [_thread_blocked, id=11920, stack(0x0000000023e50000,0x0000000023f50000)]
  0x0000000018c0a800 JavaThread "Cache worker for execution history cache (C:\Users\basker\Desktop\StockCalculator\.gradle\5.6.4\executionHistory)" [_thread_blocked, id=7912, stack(0x0000000023d50000,0x0000000023e50000)]
  0x0000000018bfe800 JavaThread "Execution worker for ':' Thread 3" [_thread_blocked, id=4232, stack(0x00000000235c0000,0x00000000236c0000)]
  0x0000000018c05800 JavaThread "Execution worker for ':' Thread 2" [_thread_blocked, id=12200, stack(0x00000000224d0000,0x00000000225d0000)]
  0x0000000018c04800 JavaThread "Execution worker for ':'" [_thread_blocked, id=12244, stack(0x00000000223d0000,0x00000000224d0000)]
  0x0000000018c00000 JavaThread "Cache worker for file content cache (C:\Users\basker\Desktop\StockCalculator\.gradle\5.6.4\fileContent)" [_thread_blocked, id=2124, stack(0x00000000220d0000,0x00000000221d0000)]
  0x0000000018bfd000 JavaThread "Cache worker for file content cache (C:\Users\basker\.gradle\caches\5.6.4\fileContent)" [_thread_blocked, id=6096, stack(0x0000000021fd0000,0x00000000220d0000)]
  0x0000000018c01000 JavaThread "Memory manager" [_thread_blocked, id=6360, stack(0x0000000021ed0000,0x0000000021fd0000)]
  0x0000000018bfc800 JavaThread "Cache worker for Build Output Cleanup Cache (C:\Users\basker\Desktop\StockCalculator\.gradle\buildOutputCleanup)" [_thread_blocked, id=9052, stack(0x000000001fd60000,0x000000001fe60000)]
  0x0000000018c03000 JavaThread "Build operations Thread 4" [_thread_blocked, id=7920, stack(0x00000000211d0000,0x00000000212d0000)]
  0x0000000018bfe000 JavaThread "Build operations Thread 3" [_thread_blocked, id=12140, stack(0x00000000210d0000,0x00000000211d0000)]
  0x0000000018c01800 JavaThread "Build operations Thread 2" [_thread_blocked, id=12004, stack(0x0000000020fd0000,0x00000000210d0000)]
  0x0000000018c02800 JavaThread "Build operations" [_thread_blocked, id=6476, stack(0x0000000020830000,0x0000000020930000)]
  0x0000000019756800 JavaThread "Cache worker for execution history cache (C:\Users\basker\.gradle\caches\5.6.4\executionHistory)" [_thread_blocked, id=11764, stack(0x0000000020730000,0x0000000020830000)]
  0x0000000019755800 JavaThread "Cache worker for cache directory md-rule (C:\Users\basker\.gradle\caches\5.6.4\md-rule)" [_thread_blocked, id=7232, stack(0x0000000020a60000,0x0000000020b60000)]
  0x0000000019759800 JavaThread "Cache worker for cache directory md-supplier (C:\Users\basker\.gradle\caches\5.6.4\md-supplier)" [_thread_blocked, id=6268, stack(0x0000000020960000,0x0000000020a60000)]
  0x0000000019755000 JavaThread "Cache worker for file hash cache (C:\Users\basker\Desktop\StockCalculator\.gradle\5.6.4\fileHashes)" [_thread_blocked, id=11848, stack(0x000000001e5d0000,0x000000001e6d0000)]
  0x0000000019758000 JavaThread "Cache worker for journal cache (C:\Users\basker\.gradle\caches\journal-1)" [_thread_blocked, id=5420, stack(0x000000001c430000,0x000000001c530000)]
  0x000000001975a000 JavaThread "File lock request listener" [_thread_in_native, id=5184, stack(0x000000001c330000,0x000000001c430000)]
  0x00000000189d5800 JavaThread "Cache worker for file hash cache (C:\Users\basker\.gradle\caches\5.6.4\fileHashes)" [_thread_blocked, id=11488, stack(0x000000001c230000,0x000000001c330000)]
  0x0000000018d45000 JavaThread "Thread-9" [_thread_blocked, id=11980, stack(0x000000001bf30000,0x000000001c030000)]
  0x000000001833d800 JavaThread "Asynchronous log dispatcher for DefaultDaemonConnection: socket connection from /127.0.0.1:53900 to /127.0.0.1:53901" [_thread_blocked, id=11976, stack(0x000000001bd30000,0x000000001be30000)]
  0x00000000193f0000 JavaThread "Daemon worker" [_thread_blocked, id=7220, stack(0x000000001bc30000,0x000000001bd30000)]
  0x00000000193ef800 JavaThread "Cancel handler" [_thread_blocked, id=9060, stack(0x000000001bb30000,0x000000001bc30000)]
  0x0000000018d75800 JavaThread "Handler for socket connection from /127.0.0.1:53900 to /127.0.0.1:53901" [_thread_in_native, id=9064, stack(0x000000001b830000,0x000000001b930000)]
  0x0000000018d6d000 JavaThread "Daemon" [_thread_blocked, id=10056, stack(0x000000001b730000,0x000000001b830000)]
  0x000000001a028800 JavaThread "Daemon periodic checks" [_thread_blocked, id=8720, stack(0x000000001b630000,0x000000001b730000)]
  0x00000000182fc800 JavaThread "Incoming local TCP Connector on port 53900" [_thread_in_native, id=7692, stack(0x000000001b3f0000,0x000000001b4f0000)]
  0x0000000019ecd800 JavaThread "Daemon health stats" [_thread_blocked, id=10484, stack(0x000000001adb0000,0x000000001aeb0000)]
  0x000000001670d000 JavaThread "Service Thread" daemon [_thread_blocked, id=7760, stack(0x0000000018410000,0x0000000018510000)]
  0x00000000166de000 JavaThread "C1 CompilerThread2" daemon [_thread_blocked, id=11572, stack(0x0000000017f10000,0x0000000018010000)]
=>0x00000000166b3000 JavaThread "C2 CompilerThread1" daemon [_thread_in_native, id=2260, stack(0x0000000017e10000,0x0000000017f10000)]
  0x00000000166ad000 JavaThread "C2 CompilerThread0" daemon [_thread_in_native, id=8228, stack(0x0000000017d10000,0x0000000017e10000)]
  0x00000000166b7800 JavaThread "Attach Listener" daemon [_thread_blocked, id=3800, stack(0x0000000017c10000,0x0000000017d10000)]
  0x00000000166b6800 JavaThread "Signal Dispatcher" daemon [_thread_blocked, id=3140, stack(0x0000000017b10000,0x0000000017c10000)]
  0x0000000002d3b800 JavaThread "Finalizer" daemon [_thread_blocked, id=12116, stack(0x0000000017910000,0x0000000017a10000)]
  0x0000000016699000 JavaThread "Reference Handler" daemon [_thread_blocked, id=10156, stack(0x0000000017810000,0x0000000017910000)]
  0x0000000002b3e000 JavaThread "main" [_thread_blocked, id=2696, stack(0x0000000002b40000,0x0000000002c40000)]

Other Threads:
  0x0000000016677000 VMThread [stack: 0x0000000017710000,0x0000000017810000] [id=11908]
  0x000000001803a000 WatcherThread [stack: 0x0000000018510000,0x0000000018610000] [id=6648]

VM state:not at safepoint (normal execution)

VM Mutex/Monitor currently owned by a thread: None

heap address: 0x00000000a0000000, size: 1536 MB, Compressed Oops mode: 32-bit
Narrow klass base: 0x0000000000000000, Narrow klass shift: 3
Compressed class space size: 1073741824 Address: 0x0000000100000000

Heap:
 PSYoungGen      total 322048K, used 223581K [0x00000000e0000000, 0x00000000f5180000, 0x0000000100000000)
  eden space 301056K, 72% used [0x00000000e0000000,0x00000000ed6776e0,0x00000000f2600000)
  from space 20992K, 18% used [0x00000000f2600000,0x00000000f29e0000,0x00000000f3a80000)
  to   space 19968K, 0% used [0x00000000f3a80000,0x00000000f3a80000,0x00000000f4e00000)
 ParOldGen       total 99328K, used 77641K [0x00000000a0000000, 0x00000000a6100000, 0x00000000e0000000)
  object space 99328K, 78% used [0x00000000a0000000,0x00000000a4bd27e0,0x00000000a6100000)
 Metaspace       used 71532K, capacity 74746K, committed 75224K, reserved 1114112K
  class space    used 9676K, capacity 10330K, committed 10456K, reserved 1048576K

Card table byte_map: [0x0000000012100000,0x0000000012410000] byte_map_base: 0x0000000011c00000

Marking Bits: (ParMarkBitMap*) 0x0000000077759f30
 Begin Bits: [0x0000000012a10000, 0x0000000014210000)
 End Bits:   [0x0000000014210000, 0x0000000015a10000)

Polling page: 0x0000000001150000

CodeCache: size=245760Kb used=39146Kb max_used=39146Kb free=206613Kb
 bounds [0x0000000002d40000, 0x00000000053b0000, 0x0000000011d40000]
 total_blobs=11786 nmethods=10970 adapters=726
 compilation: enabled

Compilation events (10 events):
Event: 67.500 Thread 0x00000000166de000 nmethod 12857% 0x00000000053a0950 code [0x00000000053a0b00, 0x00000000053a10a8]
Event: 67.500 Thread 0x00000000166de000 12858       3       com.android.tools.r8.utils.N::c (79 bytes)
Event: 67.500 Thread 0x00000000166de000 nmethod 12858 0x00000000053a13d0 code [0x00000000053a1580, 0x00000000053a1ac8]
Event: 67.500 Thread 0x00000000166de000 12859       1       com.android.tools.r8.dex.e::a (1 bytes)
Event: 67.500 Thread 0x00000000166de000 nmethod 12859 0x00000000053a1e10 code [0x00000000053a1f60, 0x00000000053a2070]
Event: 67.502 Thread 0x00000000166de000 12860 %     3       com.android.tools.r8.dex.m::a @ 33 (259 bytes)
Event: 67.504 Thread 0x00000000166de000 nmethod 12860% 0x00000000053a20d0 code [0x00000000053a2340, 0x00000000053a3068]
Event: 67.506 Thread 0x00000000166de000 12862       3       com.android.tools.r8.dex.m::a (259 bytes)
Event: 67.507 Thread 0x00000000166de000 nmethod 12862 0x00000000053a3710 code [0x00000000053a3980, 0x00000000053a45e8]
Event: 67.519 Thread 0x00000000166de000 12863       2       com.android.tools.r8.v.a.a.a.h.M$c::iterator (5 bytes)

GC Heap History (10 events):
Event: 53.039 GC heap before
{Heap before GC invocations=29 (full 4):
 PSYoungGen      total 321024K, used 315847K [0x00000000e0000000, 0x00000000f5180000, 0x0000000100000000)
  eden space 301056K, 100% used [0x00000000e0000000,0x00000000f2600000,0x00000000f2600000)
  from space 19968K, 74% used [0x00000000f3a80000,0x00000000f48f1de0,0x00000000f4e00000)
  to   space 20992K, 0% used [0x00000000f2600000,0x00000000f2600000,0x00000000f3a80000)
 ParOldGen       total 99328K, used 52615K [0x00000000a0000000, 0x00000000a6100000, 0x00000000e0000000)
  object space 99328K, 52% used [0x00000000a0000000,0x00000000a3361f90,0x00000000a6100000)
 Metaspace       used 70404K, capacity 73494K, committed 74072K, reserved 1114112K
  class space    used 9560K, capacity 10196K, committed 10328K, reserved 1048576K
Event: 53.076 GC heap after
Heap after GC invocations=29 (full 4):
 PSYoungGen      total 322048K, used 4529K [0x00000000e0000000, 0x00000000f5180000, 0x0000000100000000)
  eden space 301056K, 0% used [0x00000000e0000000,0x00000000e0000000,0x00000000f2600000)
  from space 20992K, 21% used [0x00000000f2600000,0x00000000f2a6c740,0x00000000f3a80000)
  to   space 19968K, 0% used [0x00000000f3a80000,0x00000000f3a80000,0x00000000f4e00000)
 ParOldGen       total 99328K, used 64450K [0x00000000a0000000, 0x00000000a6100000, 0x00000000e0000000)
  object space 99328K, 64% used [0x00000000a0000000,0x00000000a3ef09a8,0x00000000a6100000)
 Metaspace       used 70404K, capacity 73494K, committed 74072K, reserved 1114112K
  class space    used 9560K, capacity 10196K, committed 10328K, reserved 1048576K
}
Event: 55.151 GC heap before
{Heap before GC invocations=30 (full 4):
 PSYoungGen      total 322048K, used 305585K [0x00000000e0000000, 0x00000000f5180000, 0x0000000100000000)
  eden space 301056K, 100% used [0x00000000e0000000,0x00000000f2600000,0x00000000f2600000)
  from space 20992K, 21% used [0x00000000f2600000,0x00000000f2a6c740,0x00000000f3a80000)
  to   space 19968K, 0% used [0x00000000f3a80000,0x00000000f3a80000,0x00000000f4e00000)
 ParOldGen       total 99328K, used 64450K [0x00000000a0000000, 0x00000000a6100000, 0x00000000e0000000)
  object space 99328K, 64% used [0x00000000a0000000,0x00000000a3ef09a8,0x00000000a6100000)
 Metaspace       used 70427K, capacity 73558K, committed 74072K, reserved 1114112K
  class space    used 9560K, capacity 10196K, committed 10328K, reserved 1048576K
Event: 55.179 GC heap after
Heap after GC invocations=30 (full 4):
 PSYoungGen      total 321024K, used 5479K [0x00000000e0000000, 0x00000000f5180000, 0x0000000100000000)
  eden space 301056K, 0% used [0x00000000e0000000,0x00000000e0000000,0x00000000f2600000)
  from space 19968K, 27% used [0x00000000f3a80000,0x00000000f3fd9e08,0x00000000f4e00000)
  to   space 20992K, 0% used [0x00000000f2600000,0x00000000f2600000,0x00000000f3a80000)
 ParOldGen       total 99328K, used 67448K [0x00000000a0000000, 0x00000000a6100000, 0x00000000e0000000)
  object space 99328K, 67% used [0x00000000a0000000,0x00000000a41de380,0x00000000a6100000)
 Metaspace       used 70427K, capacity 73558K, committed 74072K, reserved 1114112K
  class space    used 9560K, capacity 10196K, committed 10328K, reserved 1048576K
}
Event: 57.372 GC heap before
{Heap before GC invocations=31 (full 4):
 PSYoungGen      total 321024K, used 306535K [0x00000000e0000000, 0x00000000f5180000, 0x0000000100000000)
  eden space 301056K, 100% used [0x00000000e0000000,0x00000000f2600000,0x00000000f2600000)
  from space 19968K, 27% used [0x00000000f3a80000,0x00000000f3fd9e08,0x00000000f4e00000)
  to   space 20992K, 0% used [0x00000000f2600000,0x00000000f2600000,0x00000000f3a80000)
 ParOldGen       total 99328K, used 67448K [0x00000000a0000000, 0x00000000a6100000, 0x00000000e0000000)
  object space 99328K, 67% used [0x00000000a0000000,0x00000000a41de380,0x00000000a6100000)
 Metaspace       used 70453K, capacity 73564K, committed 74072K, reserved 1114112K
  class space    used 9561K, capacity 10197K, committed 10328K, reserved 1048576K
Event: 57.399 GC heap after
Heap after GC invocations=31 (full 4):
 PSYoungGen      total 322048K, used 3296K [0x00000000e0000000, 0x00000000f5180000, 0x0000000100000000)
  eden space 301056K, 0% used [0x00000000e0000000,0x00000000e0000000,0x00000000f2600000)
  from space 20992K, 15% used [0x00000000f2600000,0x00000000f2938020,0x00000000f3a80000)
  to   space 19968K, 0% used [0x00000000f3a80000,0x00000000f3a80000,0x00000000f4e00000)
 ParOldGen       total 99328K, used 71819K [0x00000000a0000000, 0x00000000a6100000, 0x00000000e0000000)
  object space 99328K, 72% used [0x00000000a0000000,0x00000000a4622c40,0x00000000a6100000)
 Metaspace       used 70453K, capacity 73564K, committed 74072K, reserved 1114112K
  class space    used 9561K, capacity 10197K, committed 10328K, reserved 1048576K
}
Event: 60.313 GC heap before
{Heap before GC invocations=32 (full 4):
 PSYoungGen      total 322048K, used 304352K [0x00000000e0000000, 0x00000000f5180000, 0x0000000100000000)
  eden space 301056K, 100% used [0x00000000e0000000,0x00000000f2600000,0x00000000f2600000)
  from space 20992K, 15% used [0x00000000f2600000,0x00000000f2938020,0x00000000f3a80000)
  to   space 19968K, 0% used [0x00000000f3a80000,0x00000000f3a80000,0x00000000f4e00000)
 ParOldGen       total 99328K, used 71819K [0x00000000a0000000, 0x00000000a6100000, 0x00000000e0000000)
  object space 99328K, 72% used [0x00000000a0000000,0x00000000a4622c40,0x00000000a6100000)
 Metaspace       used 70637K, capacity 73748K, committed 74456K, reserved 1114112K
  class space    used 9581K, capacity 10233K, committed 10456K, reserved 1048576K
Event: 60.353 GC heap after
Heap after GC invocations=32 (full 4):
 PSYoungGen      total 321024K, used 4892K [0x00000000e0000000, 0x00000000f5180000, 0x0000000100000000)
  eden space 301056K, 0% used [0x00000000e0000000,0x00000000e0000000,0x00000000f2600000)
  from space 19968K, 24% used [0x00000000f3a80000,0x00000000f3f473b0,0x00000000f4e00000)
  to   space 20992K, 0% used [0x00000000f2600000,0x00000000f2600000,0x00000000f3a80000)
 ParOldGen       total 99328K, used 74463K [0x00000000a0000000, 0x00000000a6100000, 0x00000000e0000000)
  object space 99328K, 74% used [0x00000000a0000000,0x00000000a48b7c90,0x00000000a6100000)
 Metaspace       used 70637K, capacity 73748K, committed 74456K, reserved 1114112K
  class space    used 9581K, capacity 10233K, committed 10456K, reserved 1048576K
}
Event: 63.422 GC heap before
{Heap before GC invocations=33 (full 4):
 PSYoungGen      total 321024K, used 305948K [0x00000000e0000000, 0x00000000f5180000, 0x0000000100000000)
  eden space 301056K, 100% used [0x00000000e0000000,0x00000000f2600000,0x00000000f2600000)
  from space 19968K, 24% used [0x00000000f3a80000,0x00000000f3f473b0,0x00000000f4e00000)
  to   space 20992K, 0% used [0x00000000f2600000,0x00000000f2600000,0x00000000f3a80000)
 ParOldGen       total 99328K, used 74463K [0x00000000a0000000, 0x00000000a6100000, 0x00000000e0000000)
  object space 99328K, 74% used [0x00000000a0000000,0x00000000a48b7c90,0x00000000a6100000)
 Metaspace       used 70726K, capacity 73830K, committed 74456K, reserved 1114112K
  class space    used 9594K, capacity 10240K, committed 10456K, reserved 1048576K
Event: 63.451 GC heap after
Heap after GC invocations=33 (full 4):
 PSYoungGen      total 322048K, used 3968K [0x00000000e0000000, 0x00000000f5180000, 0x0000000100000000)
  eden space 301056K, 0% used [0x00000000e0000000,0x00000000e0000000,0x00000000f2600000)
  from space 20992K, 18% used [0x00000000f2600000,0x00000000f29e0000,0x00000000f3a80000)
  to   space 19968K, 0% used [0x00000000f3a80000,0x00000000f3a80000,0x00000000f4e00000)
 ParOldGen       total 99328K, used 77641K [0x00000000a0000000, 0x00000000a6100000, 0x00000000e0000000)
  object space 99328K, 78% used [0x00000000a0000000,0x00000000a4bd27e0,0x00000000a6100000)
 Metaspace       used 70726K, capacity 73830K, committed 74456K, reserved 1114112K
  class space    used 9594K, capacity 10240K, committed 10456K, reserved 1048576K
}

Deoptimization events (10 events):
Event: 62.074 Thread 0x0000000018bfe800 Uncommon trap: reason=class_check action=maybe_recompile pc=0x0000000003356788 method=java.util.HashMap.removeNode(ILjava/lang/Object;Ljava/lang/Object;ZZ)Ljava/util/HashMap$Node; @ 143
Event: 63.230 Thread 0x0000000018bfe800 Uncommon trap: reason=array_check action=maybe_recompile pc=0x00000000051c6230 method=java.util.AbstractCollection.toArray([Ljava/lang/Object;)[Ljava/lang/Object; @ 119
Event: 63.230 Thread 0x0000000018bfe800 Uncommon trap: reason=array_check action=maybe_recompile pc=0x00000000051c6230 method=java.util.AbstractCollection.toArray([Ljava/lang/Object;)[Ljava/lang/Object; @ 119
Event: 63.249 Thread 0x0000000018bfe800 Uncommon trap: reason=array_check action=maybe_recompile pc=0x00000000051c6230 method=java.util.AbstractCollection.toArray([Ljava/lang/Object;)[Ljava/lang/Object; @ 119
Event: 63.410 Thread 0x0000000018c05800 Uncommon trap: reason=array_check action=maybe_recompile pc=0x00000000051c6230 method=java.util.AbstractCollection.toArray([Ljava/lang/Object;)[Ljava/lang/Object; @ 119
Event: 65.640 Thread 0x0000000018c0a000 Uncommon trap: reason=unstable_if action=reinterpret pc=0x000000000412a5d0 method=java.nio.file.FileTreeWalker.getAttributes(Ljava/nio/file/Path;Z)Ljava/nio/file/attribute/BasicFileAttributes; @ 35
Event: 66.081 Thread 0x000000001a46e000 Uncommon trap: reason=unstable_if action=reinterpret pc=0x00000000036490f0 method=java.util.Arrays.hashCode([Ljava/lang/Object;)I @ 1
Event: 66.083 Thread 0x000000001a46d800 Uncommon trap: reason=unstable_if action=reinterpret pc=0x00000000036490f0 method=java.util.Arrays.hashCode([Ljava/lang/Object;)I @ 1
Event: 66.469 Thread 0x000000001a46e000 Uncommon trap: reason=unstable_if action=reinterpret pc=0x000000000370a754 method=java.util.concurrent.ConcurrentLinkedQueue.offer(Ljava/lang/Object;)Z @ 91
Event: 67.245 Thread 0x000000001a46c800 Uncommon trap: reason=null_check action=make_not_entrant pc=0x0000000004312180 method=com.android.tools.r8.graph.d0.computeEquals(Ljava/lang/Object;)Z @ 1

Classes redefined (0 events):
No events

Internal exceptions (10 events):
Event: 55.774 Thread 0x00000000193f0000 Exception <a 'sun/nio/fs/WindowsException'> (0x00000000e0184ce0) thrown at [D:\src\AOSP-openjdk-cygwin\jdk8u\hotspot\src\share\vm\prims\jni.cpp, line 710]
Event: 55.790 Thread 0x00000000193f0000 Exception <a 'sun/nio/fs/WindowsException'> (0x00000000e02ee3f0) thrown at [D:\src\AOSP-openjdk-cygwin\jdk8u\hotspot\src\share\vm\prims\jni.cpp, line 710]
Event: 60.103 Thread 0x0000000018c04800 Exception <a 'sun/nio/fs/WindowsException'> (0x00000000efece210) thrown at [D:\src\AOSP-openjdk-cygwin\jdk8u\hotspot\src\share\vm\prims\jni.cpp, line 710]
Event: 63.938 Thread 0x0000000018bfe800 Exception <a 'sun/nio/fs/WindowsException'> (0x00000000e243afc8) thrown at [D:\src\AOSP-openjdk-cygwin\jdk8u\hotspot\src\share\vm\prims\jni.cpp, line 710]
Event: 65.239 Thread 0x0000000018c05800 Exception <a 'sun/nio/fs/WindowsException'> (0x00000000e624ba40) thrown at [D:\src\AOSP-openjdk-cygwin\jdk8u\hotspot\src\share\vm\prims\jni.cpp, line 710]
Event: 65.460 Thread 0x0000000018c05800 Exception <a 'java/lang/NoSuchMethodError': <clinit>> (0x00000000e62fd9e0) thrown at [D:\src\AOSP-openjdk-cygwin\jdk8u\hotspot\src\share\vm\prims\jni.cpp, line 1614]
Event: 65.737 Thread 0x0000000018c0a000 Exception <a 'sun/nio/fs/WindowsException'> (0x00000000e68ba4c0) thrown at [D:\src\AOSP-openjdk-cygwin\jdk8u\hotspot\src\share\vm\prims\jni.cpp, line 710]
Event: 66.081 Thread 0x000000001a46e000 Implicit null exception at 0x0000000003648fef to 0x00000000036490e1
Event: 66.081 Thread 0x000000001a46d800 Implicit null exception at 0x0000000003648fef to 0x00000000036490e1
Event: 67.245 Thread 0x000000001a46c800 Implicit null exception at 0x000000000431200f to 0x0000000004312171

Events (10 events):
Event: 66.610 Thread 0x0000000018c0a000 DEOPT UNPACKING pc=0x0000000002d875d0 sp=0x000000002615db80 mode 0
Event: 66.644 Executing VM operation: RevokeBias
Event: 66.655 Executing VM operation: RevokeBias done
Event: 67.112 loading class java/util/concurrent/ForkJoinTask$AdaptedCallable
Event: 67.113 loading class java/util/concurrent/ForkJoinTask$AdaptedCallable done
Event: 67.245 Thread 0x000000001a46c800 Uncommon trap: trap_request=0xfffffff4 fr.pc=0x0000000004312180
Event: 67.245 Thread 0x000000001a46c800 DEOPT PACKING pc=0x0000000004312180 sp=0x000000002647e560
Event: 67.245 Thread 0x000000001a46c800 DEOPT UNPACKING pc=0x0000000002d8557b sp=0x000000002647e4f8 mode 2
Event: 67.250 Thread 0x000000001a46c800 DEOPT PACKING pc=0x0000000002f7012f sp=0x000000002647e4c0
Event: 67.250 Thread 0x000000001a46c800 DEOPT UNPACKING pc=0x0000000002d875d0 sp=0x000000002647e2a0 mode 0


Dynamic libraries:
0x00007ff7575c0000 - 0x00007ff7575f1000 	C:\Program Files\Android\Android Studio\jre\bin\java.exe
0x00007ffc6d280000 - 0x00007ffc6d470000 	C:\WINDOWS\SYSTEM32\ntdll.dll
0x00007ffc5e850000 - 0x00007ffc5e862000 	C:\Program Files\AVG\Antivirus\aswhook.dll
0x00007ffc6c800000 - 0x00007ffc6c8b2000 	C:\WINDOWS\System32\KERNEL32.DLL
0x00007ffc6a510000 - 0x00007ffc6a7b5000 	C:\WINDOWS\System32\KERNELBASE.dll
0x00007ffc6cc00000 - 0x00007ffc6cca3000 	C:\WINDOWS\System32\ADVAPI32.dll
0x00007ffc6bdc0000 - 0x00007ffc6be5e000 	C:\WINDOWS\System32\msvcrt.dll
0x00007ffc6d190000 - 0x00007ffc6d227000 	C:\WINDOWS\System32\sechost.dll
0x00007ffc6be60000 - 0x00007ffc6bf80000 	C:\WINDOWS\System32\RPCRT4.dll
0x00007ffc6bf80000 - 0x00007ffc6c115000 	C:\WINDOWS\System32\USER32.dll
0x00007ffc6a210000 - 0x00007ffc6a231000 	C:\WINDOWS\System32\win32u.dll
0x00007ffc6cad0000 - 0x00007ffc6caf6000 	C:\WINDOWS\System32\GDI32.dll
0x00007ffc6b190000 - 0x00007ffc6b326000 	C:\WINDOWS\System32\gdi32full.dll
0x00007ffc6a470000 - 0x00007ffc6a50e000 	C:\WINDOWS\System32\msvcp_win.dll
0x00007ffc6a870000 - 0x00007ffc6a96a000 	C:\WINDOWS\System32\ucrtbase.dll
0x00007ffc57c20000 - 0x00007ffc57ea4000 	C:\WINDOWS\WinSxS\amd64_microsoft.windows.common-controls_6595b64144ccf1df_6.0.18362.1082_none_9e8193e1e45b25c1\COMCTL32.dll
0x00007ffc6ba80000 - 0x00007ffc6bdb5000 	C:\WINDOWS\System32\combase.dll
0x00007ffc6a3f0000 - 0x00007ffc6a470000 	C:\WINDOWS\System32\bcryptPrimitives.dll
0x00007ffc6d160000 - 0x00007ffc6d18e000 	C:\WINDOWS\System32\IMM32.DLL
0x0000000050600000 - 0x00000000506d2000 	C:\Program Files\Android\Android Studio\jre\jre\bin\msvcr100.dll
0x0000000076f90000 - 0x00000000777d6000 	C:\Program Files\Android\Android Studio\jre\jre\bin\server\jvm.dll
0x00007ffc6cb00000 - 0x00007ffc6cb08000 	C:\WINDOWS\System32\PSAPI.DLL
0x00007ffc5ba80000 - 0x00007ffc5ba89000 	C:\WINDOWS\SYSTEM32\WSOCK32.dll
0x00007ffc6c320000 - 0x00007ffc6c38f000 	C:\WINDOWS\System32\WS2_32.dll
0x00007ffc67c80000 - 0x00007ffc67ca4000 	C:\WINDOWS\SYSTEM32\WINMM.dll
0x00007ffc60d80000 - 0x00007ffc60d8a000 	C:\WINDOWS\SYSTEM32\VERSION.dll
0x00007ffc67c50000 - 0x00007ffc67c7d000 	C:\WINDOWS\SYSTEM32\WINMMBASE.dll
0x00007ffc6b0f0000 - 0x00007ffc6b13a000 	C:\WINDOWS\System32\cfgmgr32.dll
0x00007ffc66980000 - 0x00007ffc6698f000 	C:\Program Files\Android\Android Studio\jre\jre\bin\verify.dll
0x00007ffc5d280000 - 0x00007ffc5d2a9000 	C:\Program Files\Android\Android Studio\jre\jre\bin\java.dll
0x00007ffc66160000 - 0x00007ffc66176000 	C:\Program Files\Android\Android Studio\jre\jre\bin\zip.dll
0x00007ffc6b330000 - 0x00007ffc6ba17000 	C:\WINDOWS\System32\SHELL32.dll
0x00007ffc6cf00000 - 0x00007ffc6cfa9000 	C:\WINDOWS\System32\shcore.dll
0x00007ffc6a970000 - 0x00007ffc6b0f0000 	C:\WINDOWS\System32\windows.storage.dll
0x00007ffc6a1c0000 - 0x00007ffc6a1e3000 	C:\WINDOWS\System32\profapi.dll
0x00007ffc6a150000 - 0x00007ffc6a19a000 	C:\WINDOWS\System32\powrprof.dll
0x00007ffc6a140000 - 0x00007ffc6a150000 	C:\WINDOWS\System32\UMPDC.dll
0x00007ffc6ce90000 - 0x00007ffc6cee2000 	C:\WINDOWS\System32\shlwapi.dll
0x00007ffc6a1a0000 - 0x00007ffc6a1b1000 	C:\WINDOWS\System32\kernel.appcore.dll
0x00007ffc6b140000 - 0x00007ffc6b157000 	C:\WINDOWS\System32\cryptsp.dll
0x00007ffc63220000 - 0x00007ffc6323a000 	C:\Program Files\Android\Android Studio\jre\jre\bin\net.dll
0x00007ffc5e290000 - 0x00007ffc5e466000 	C:\WINDOWS\SYSTEM32\urlmon.dll
0x00007ffc5e590000 - 0x00007ffc5e836000 	C:\WINDOWS\SYSTEM32\iertutil.dll
0x00007ffc69b60000 - 0x00007ffc69b6c000 	C:\WINDOWS\SYSTEM32\CRYPTBASE.DLL
0x00007ffc69990000 - 0x00007ffc699f7000 	C:\WINDOWS\system32\mswsock.dll
0x00007ffc5d260000 - 0x00007ffc5d273000 	C:\Program Files\Android\Android Studio\jre\jre\bin\nio.dll
0x00007ffc60b90000 - 0x00007ffc60bb6000 	C:\Users\basker\.gradle\native\30\windows-amd64\native-platform.dll
0x00007ffc668f0000 - 0x00007ffc668fd000 	C:\Program Files\Android\Android Studio\jre\jre\bin\management.dll
0x00007ffc694a0000 - 0x00007ffc694d3000 	C:\WINDOWS\system32\rsaenh.dll
0x00007ffc6b160000 - 0x00007ffc6b186000 	C:\WINDOWS\System32\bcrypt.dll
0x00007ffc6a020000 - 0x00007ffc6a045000 	C:\WINDOWS\SYSTEM32\USERENV.dll
0x00007ffc696a0000 - 0x00007ffc696da000 	C:\WINDOWS\SYSTEM32\IPHLPAPI.DLL
0x00007ffc6d230000 - 0x00007ffc6d238000 	C:\WINDOWS\System32\NSI.dll
0x00007ffc612c0000 - 0x00007ffc612d6000 	C:\WINDOWS\SYSTEM32\dhcpcsvc6.DLL
0x00007ffc61390000 - 0x00007ffc613ac000 	C:\WINDOWS\SYSTEM32\dhcpcsvc.DLL
0x00007ffc696e0000 - 0x00007ffc697ab000 	C:\WINDOWS\SYSTEM32\DNSAPI.dll

VM Arguments:
jvm_args: -Xmx1536m -Dfile.encoding=windows-1252 -Duser.country=US -Duser.language=en -Duser.variant 
java_command: org.gradle.launcher.daemon.bootstrap.GradleDaemon 5.6.4
java_class_path (initial): C:\Users\basker\.gradle\wrapper\dists\gradle-5.6.4-all\ankdp27end7byghfw1q2sw75f\gradle-5.6.4\lib\gradle-launcher-5.6.4.jar
Launcher Type: SUN_STANDARD

Environment Variables:
PATH=C:\Program Files (x86)\Common Files\Oracle\Java\javapath;C:\Program Files (x86)\NVIDIA Corporation\PhysX\Common;C:\Program Files (x86)\Intel\iCLS Client\;C:\Program Files\Intel\iCLS Client\;C:\WINDOWS\system32;C:\WINDOWS;C:\WINDOWS\System32\Wbem;C:\WINDOWS\System32\WindowsPowerShell\v1.0\;C:\Program Files\Intel\Intel(R) Management Engine Components\DAL;C:\Program Files\Intel\Intel(R) Management Engine Components\IPT;C:\Program Files (x86)\Intel\Intel(R) Management Engine Components\DAL;C:\Program Files (x86)\Intel\Intel(R) Management Engine Components\IPT;C:\Program Files (x86)\Intel\OpenCL SDK\2.0\bin\x86;C:\Program Files (x86)\Intel\OpenCL SDK\2.0\bin\x64;C:\Program Files\Lenovo\Bluetooth Software\;C:\Program Files\Lenovo\Bluetooth Software\syswow64;C:\WINDOWS\System32\OpenSSH\;C:\Program Files\nodejs\;C:\Users\basker\AppData\Local\Android\Sdk\platforms;C:\Users\basker\AppData\Local\Android\Sdk\platform-tools;C:\Users\basker\.gradle\wrapper\dists\gradle-5.6.4-all\ankdp27end7byghfw1q2sw75f\gradle-5.6.4\bin;C:\Program Files\Git\cmd;C:\Program Files\MySQL\MySQL Shell 8.0\bin\;C:\Users\basker\AppData\Local\Microsoft\WindowsApps;C:\Users\basker\AppData\Roaming\npm;C:\Users\basker\AppData\Local\Programs\Microsoft VS Code\bin;C:\Users\basker\.gradle\wrapper\dists\gradle-5.6.4-all\ankdp27end7byghfw1q2sw75f\gradle-5.6.4\bin;
USERNAME=basker
OS=Windows_NT
PROCESSOR_IDENTIFIER=Intel64 Family 6 Model 58 Stepping 9, GenuineIntel



---------------  S Y S T E M  ---------------

OS: Windows 10.0 , 64 bit Build 18362 (10.0.18362.1082)

CPU:total 4 (initial active 4) (2 cores per cpu, 2 threads per core) family 6 model 58 stepping 9, cmov, cx8, fxsr, mmx, sse, sse2, sse3, ssse3, sse4.1, sse4.2, popcnt, avx, aes, clmul, erms, ht, tsc, tscinvbit, tscinv

Memory: 4k page, physical 4056852k(277520k free), swap 5481236k(5276k free)

vm_info: OpenJDK 64-Bit Server VM (25.212-b04) for windows-amd64 JRE (1.8.0_212-release-1586-b04), built by "builder" with MS VC++ 10.0 (VS2010)

time: Fri Sep 25 16:00:46 2020
timezone: India Standard Time
elapsed time: 67 seconds (0d 0h 1m 7s)

